2021-08-11T00:42:51.531-0400	[34mINFO[0m	main	lotus-seal-worker/main.go:172	Starting lotus worker
2021-08-11T00:42:51.533-0400	[34mINFO[0m	main	lotus-seal-worker/main.go:217	Remote version 1.11.2-dev+2k+git.5cf10054f+api1.2.0
2021-08-11T00:42:51.535-0400	[34mINFO[0m	paramfetch	go-paramfetch@v0.0.2-0.20210614165157-25a6c7769498/paramfetch.go:183	Parameter file /var/tmp/filecoin-proof-parameters/v28-proof-of-spacetime-fallback-merkletree-poseidon_hasher-8-0-0-3ea05428c9d11689f23529cde32fd30aabd50f7d2c93657c1d3650bca3e8ea9e.vk is ok
2021-08-11T00:42:51.536-0400	[34mINFO[0m	paramfetch	go-paramfetch@v0.0.2-0.20210614165157-25a6c7769498/paramfetch.go:183	Parameter file /var/tmp/filecoin-proof-parameters/v28-proof-of-spacetime-fallback-merkletree-poseidon_hasher-8-8-2-b62098629d07946e9028127e70295ed996fe3ed25b0f9f88eb610a0ab4385a3c.vk is ok
2021-08-11T00:42:51.536-0400	[34mINFO[0m	paramfetch	go-paramfetch@v0.0.2-0.20210614165157-25a6c7769498/paramfetch.go:183	Parameter file /var/tmp/filecoin-proof-parameters/v28-stacked-proof-of-replication-merkletree-poseidon_hasher-8-0-0-sha256_hasher-032d3138d22506ec0082ed72b2dcba18df18477904e35bafee82b3793b06832f.vk is ok
2021-08-11T00:42:51.538-0400	[34mINFO[0m	paramfetch	go-paramfetch@v0.0.2-0.20210614165157-25a6c7769498/paramfetch.go:183	Parameter file /var/tmp/filecoin-proof-parameters/v28-stacked-proof-of-replication-merkletree-poseidon_hasher-8-0-0-sha256_hasher-6babf46ce344ae495d558e7770a585b2382d54f225af8ed0397b8be7c3fcd472.vk is ok
2021-08-11T00:42:51.538-0400	[34mINFO[0m	paramfetch	go-paramfetch@v0.0.2-0.20210614165157-25a6c7769498/paramfetch.go:183	Parameter file /var/tmp/filecoin-proof-parameters/v28-stacked-proof-of-replication-merkletree-poseidon_hasher-8-8-2-sha256_hasher-96f1b4a04c5c51e4759bbf224bbc2ef5a42c7100f16ec0637123f16a845ddfb2.vk is ok
2021-08-11T00:42:51.538-0400	[34mINFO[0m	paramfetch	go-paramfetch@v0.0.2-0.20210614165157-25a6c7769498/paramfetch.go:183	Parameter file /var/tmp/filecoin-proof-parameters/v28-stacked-proof-of-replication-merkletree-poseidon_hasher-8-8-0-sha256_hasher-82a357d2f2ca81dc61bb45f4a762807aedee1b0a53fd6c4e77b46a01bfef7820.vk is ok
2021-08-11T00:42:51.538-0400	[34mINFO[0m	paramfetch	go-paramfetch@v0.0.2-0.20210614165157-25a6c7769498/paramfetch.go:183	Parameter file /var/tmp/filecoin-proof-parameters/v28-proof-of-spacetime-fallback-merkletree-poseidon_hasher-8-0-0-50c7368dea9593ed0989e70974d28024efa9d156d585b7eea1be22b2e753f331.vk is ok
2021-08-11T00:42:51.538-0400	[34mINFO[0m	paramfetch	go-paramfetch@v0.0.2-0.20210614165157-25a6c7769498/paramfetch.go:183	Parameter file /var/tmp/filecoin-proof-parameters/v28-proof-of-spacetime-fallback-merkletree-poseidon_hasher-8-0-0-5294475db5237a2e83c3e52fd6c2b03859a1831d45ed08c4f35dbf9a803165a9.vk is ok
2021-08-11T00:42:51.538-0400	[34mINFO[0m	paramfetch	go-paramfetch@v0.0.2-0.20210614165157-25a6c7769498/paramfetch.go:183	Parameter file /var/tmp/filecoin-proof-parameters/v28-proof-of-spacetime-fallback-merkletree-poseidon_hasher-8-0-0-7d739b8cf60f1b0709eeebee7730e297683552e4b69cab6984ec0285663c5781.vk is ok
2021-08-11T00:42:51.538-0400	[34mINFO[0m	paramfetch	go-paramfetch@v0.0.2-0.20210614165157-25a6c7769498/paramfetch.go:183	Parameter file /var/tmp/filecoin-proof-parameters/v28-proof-of-spacetime-fallback-merkletree-poseidon_hasher-8-0-0-0cfb4f178bbb71cf2ecfcd42accce558b27199ab4fb59cb78f2483fe21ef36d9.vk is ok
2021-08-11T00:42:51.539-0400	[34mINFO[0m	paramfetch	go-paramfetch@v0.0.2-0.20210614165157-25a6c7769498/paramfetch.go:183	Parameter file /var/tmp/filecoin-proof-parameters/v28-proof-of-spacetime-fallback-merkletree-poseidon_hasher-8-0-0-0170db1f394b35d995252228ee359194b13199d259380541dc529fb0099096b0.vk is ok
2021-08-11T00:42:51.539-0400	[34mINFO[0m	paramfetch	go-paramfetch@v0.0.2-0.20210614165157-25a6c7769498/paramfetch.go:183	Parameter file /var/tmp/filecoin-proof-parameters/v28-proof-of-spacetime-fallback-merkletree-poseidon_hasher-8-8-0-559e581f022bb4e4ec6e719e563bf0e026ad6de42e56c18714a2c692b1b88d7e.vk is ok
2021-08-11T00:42:51.540-0400	[34mINFO[0m	paramfetch	go-paramfetch@v0.0.2-0.20210614165157-25a6c7769498/paramfetch.go:183	Parameter file /var/tmp/filecoin-proof-parameters/v28-proof-of-spacetime-fallback-merkletree-poseidon_hasher-8-8-2-2627e4006b67f99cef990c0a47d5426cb7ab0a0ad58fc1061547bf2d28b09def.vk is ok
2021-08-11T00:42:51.541-0400	[34mINFO[0m	paramfetch	go-paramfetch@v0.0.2-0.20210614165157-25a6c7769498/paramfetch.go:183	Parameter file /var/tmp/filecoin-proof-parameters/v28-proof-of-spacetime-fallback-merkletree-poseidon_hasher-8-8-0-0377ded656c6f524f1618760bffe4e0a1c51d5a70c4509eedae8a27555733edc.vk is ok
2021-08-11T00:42:51.543-0400	[34mINFO[0m	paramfetch	go-paramfetch@v0.0.2-0.20210614165157-25a6c7769498/paramfetch.go:183	Parameter file /var/tmp/filecoin-proof-parameters/v28-stacked-proof-of-replication-merkletree-poseidon_hasher-8-0-0-sha256_hasher-ecd683648512ab1765faa2a5f14bab48f676e633467f0aa8aad4b55dcb0652bb.vk is ok
2021-08-11T00:42:51.552-0400	[34mINFO[0m	paramfetch	go-paramfetch@v0.0.2-0.20210614165157-25a6c7769498/paramfetch.go:183	Parameter file /var/tmp/filecoin-proof-parameters/v28-proof-of-spacetime-fallback-merkletree-poseidon_hasher-8-0-0-0170db1f394b35d995252228ee359194b13199d259380541dc529fb0099096b0.params is ok
2021-08-11T00:42:51.627-0400	[34mINFO[0m	paramfetch	go-paramfetch@v0.0.2-0.20210614165157-25a6c7769498/paramfetch.go:183	Parameter file /var/tmp/filecoin-proof-parameters/v28-proof-of-spacetime-fallback-merkletree-poseidon_hasher-8-0-0-3ea05428c9d11689f23529cde32fd30aabd50f7d2c93657c1d3650bca3e8ea9e.params is ok
2021-08-11T00:42:52.036-0400	[34mINFO[0m	paramfetch	go-paramfetch@v0.0.2-0.20210614165157-25a6c7769498/paramfetch.go:183	Parameter file /var/tmp/filecoin-proof-parameters/v28-fil-inner-product-v1.srs is ok
2021-08-11T00:42:53.170-0400	[34mINFO[0m	paramfetch	go-paramfetch@v0.0.2-0.20210614165157-25a6c7769498/paramfetch.go:183	Parameter file /var/tmp/filecoin-proof-parameters/v28-stacked-proof-of-replication-merkletree-poseidon_hasher-8-0-0-sha256_hasher-032d3138d22506ec0082ed72b2dcba18df18477904e35bafee82b3793b06832f.params is ok
2021-08-11T00:42:53.171-0400	[34mINFO[0m	paramfetch	go-paramfetch@v0.0.2-0.20210614165157-25a6c7769498/paramfetch.go:207	parameter and key-fetching complete
2021-08-11T00:42:53.171-0400	[34mINFO[0m	repo	repo/fsrepo.go:140	Initializing repo at '/root/.lotusworker'
2021-08-11T00:42:53.186-0400	[34mINFO[0m	badger	v2@v2.2007.2/levels.go:183	All 0 tables opened in 0s

2021-08-11T00:42:53.199-0400	[34mINFO[0m	badger	v2@v2.2007.2/levels.go:183	All 0 tables opened in 0s

2021-08-11T00:42:53.219-0400	[34mINFO[0m	badger	v2@v2.2007.2/levels.go:183	All 0 tables opened in 0s

2021-08-11T00:42:53.227-0400	[34mINFO[0m	badger	v2@v2.2007.2/value.go:1158	Replaying file id: 0 at offset: 0

2021-08-11T00:42:53.227-0400	[34mINFO[0m	badger	v2@v2.2007.2/value.go:1178	Replay took: 3.95µs

2021-08-11T00:42:53.242-0400	[34mINFO[0m	badger	v2@v2.2007.2/levels.go:183	All 0 tables opened in 0s

2021-08-11T00:42:53.246-0400	[34mINFO[0m	badger	v2@v2.2007.2/value.go:1158	Replaying file id: 0 at offset: 0

2021-08-11T00:42:53.247-0400	[34mINFO[0m	badger	v2@v2.2007.2/value.go:1178	Replay took: 4.23µs

2021-08-11T00:42:53.247-0400	[34mINFO[0m	main	lotus-seal-worker/main.go:336	Opening local storage; connecting to master
2021-08-11T00:42:53.250-0400	[34mINFO[0m	main	lotus-seal-worker/main.go:394	Setting up control endpoint at 127.0.0.1:3452
2021-08-11T00:42:53.252-0400	[34mINFO[0m	main	lotus-seal-worker/main.go:497	Making sure no local tasks are running
2021-08-11T00:42:53.291-0400	[34mINFO[0m	main	lotus-seal-worker/main.go:520	Worker registered successfully, waiting for tasks
2021-08-11T00:52:00.571-0400	[35mDEBUG[0m	advmgr	sector-storage/worker_local.go:137	acquired sector {{1000 2} 5} (e:6; a:0): {{0 0}  /root/storage1/sealed/s-t01000-2 /root/storage1/cache/s-t01000-2}
2021-08-11T00:52:00.576-0400	[35mDEBUG[0m	advmgr	sector-storage/worker_local.go:137	acquired sector {{1000 2} 5} (e:6; a:0): {{0 0}  /root/storage1/sealed/s-t01000-2 /root/storage1/cache/s-t01000-2}
2021-08-11T00:52:58.437-0400	[35mDEBUG[0m	advmgr	sector-storage/worker_local.go:137	acquired sector {{1000 3} 5} (e:6; a:0): {{0 0}  /root/storage1/sealed/s-t01000-3 /root/storage1/cache/s-t01000-3}
2021-08-11T00:52:58.444-0400	[35mDEBUG[0m	advmgr	sector-storage/worker_local.go:137	acquired sector {{1000 3} 5} (e:6; a:0): {{0 0}  /root/storage1/sealed/s-t01000-3 /root/storage1/cache/s-t01000-3}
2021-08-11T00:52:58.475-0400	[35mDEBUG[0m	advmgr	sector-storage/worker_local.go:137	acquired sector {{1000 5} 5} (e:6; a:0): {{0 0}  /root/storage1/sealed/s-t01000-5 /root/storage1/cache/s-t01000-5}
2021-08-11T00:52:58.481-0400	[35mDEBUG[0m	advmgr	sector-storage/worker_local.go:137	acquired sector {{1000 5} 5} (e:6; a:0): {{0 0}  /root/storage1/sealed/s-t01000-5 /root/storage1/cache/s-t01000-5}
2021-08-11T00:53:23.559-0400	[35mDEBUG[0m	advmgr	sector-storage/worker_local.go:137	acquired sector {{1000 4} 5} (e:6; a:0): {{0 0}  /root/storage1/sealed/s-t01000-4 /root/storage1/cache/s-t01000-4}
2021-08-11T00:53:23.565-0400	[35mDEBUG[0m	advmgr	sector-storage/worker_local.go:137	acquired sector {{1000 4} 5} (e:6; a:0): {{0 0}  /root/storage1/sealed/s-t01000-4 /root/storage1/cache/s-t01000-4}
2021-08-11T00:56:28.158-0400	[35mDEBUG[0m	advmgr	sector-storage/worker_local.go:137	acquired sector {{1000 7} 5} (e:6; a:0): {{0 0}  /root/storage1/sealed/s-t01000-7 /root/storage1/cache/s-t01000-7}
2021-08-11T00:56:28.163-0400	[35mDEBUG[0m	advmgr	sector-storage/worker_local.go:137	acquired sector {{1000 7} 5} (e:6; a:0): {{0 0}  /root/storage1/sealed/s-t01000-7 /root/storage1/cache/s-t01000-7}
2021-08-11T00:57:16.827-0400	[35mDEBUG[0m	advmgr	sector-storage/worker_local.go:137	acquired sector {{1000 6} 5} (e:6; a:0): {{0 0}  /root/storage1/sealed/s-t01000-6 /root/storage1/cache/s-t01000-6}
2021-08-11T00:57:16.834-0400	[35mDEBUG[0m	advmgr	sector-storage/worker_local.go:137	acquired sector {{1000 6} 5} (e:6; a:0): {{0 0}  /root/storage1/sealed/s-t01000-6 /root/storage1/cache/s-t01000-6}
